args: Namespace(random_seed=2023, is_finetune=1, is_linear_probe=0, dset_finetune='stock', context_points=512, target_points=1, batch_size=1, num_workers=10, scaler='standard', features='M', market='NYSE', patch_len=12, stride=12, revin=1, ci=1, graph=1, rel_type=7, k=20, n_layers=3, n_heads=16, d_model=128, d_ff=256, dropout=0.2, head_dropout=0.0, n_epochs_finetune=20, lr=0.0001, alpha=2, pretrained_model=None, finetuned_model_id=1, model_type='based_model')
use GPU: 0
#datautilis tickers_fname: NYSE_tickers_qualify_dr-0.98_min-5_smooth.csv
#tickers selected: 1737
#single EOD data shape: (756, 5)
#eod_data shape: (1737, 756, 5)
#masks shape: (1737, 756)
#ground_truth shape: (1737, 756)
#base_price shape: (1737, 756)
#data_stamp shape: (1737, 756, 4)
#tickers selected: 1737
#single EOD data shape: (764, 5)
#eod_data shape: (1737, 764, 5)
#masks shape: (1737, 764)
#ground_truth shape: (1737, 764)
#base_price shape: (1737, 764)
#data_stamp shape: (1737, 764, 4)
#tickers selected: 1737
#single EOD data shape: (749, 5)
#eod_data shape: (1737, 749, 5)
#masks shape: (1737, 749)
#ground_truth shape: (1737, 749)
#base_price shape: (1737, 749)
#data_stamp shape: (1737, 749, 4)
number of patches: 42
number of model params 1876097
